[0;33mData loading...[0m
[0;32mData loaded[0m
[0;33mConstructing model[0m
[0;32mConstructed model[0m
[0;33mStarting training[0m
[0;32mEPOCH: 0[0m
[0;31m----------[0m
Epoch = [   1/ 100] TrainLoss = 0.9717 ValLoss = 0.8598
[0;32mEPOCH: 1[0m
[0;31m----------[0m
NEW BEST VALIDATION LOSS
Epoch = [   2/ 100] TrainLoss = 0.6145 ValLoss = 0.4835
[0;32mEPOCH: 2[0m
[0;31m----------[0m
NEW BEST VALIDATION LOSS
Epoch = [   3/ 100] TrainLoss = 0.4696 ValLoss = 0.4554
[0;32mEPOCH: 3[0m
[0;31m----------[0m
NEW BEST VALIDATION LOSS
Epoch = [   4/ 100] TrainLoss = 0.4503 ValLoss = 0.4439
[0;32mEPOCH: 4[0m
[0;31m----------[0m
NEW BEST VALIDATION LOSS
Epoch = [   5/ 100] TrainLoss = 0.4404 ValLoss = 0.439
[0;32mEPOCH: 5[0m
[0;31m----------[0m
NEW BEST VALIDATION LOSS
Epoch = [   6/ 100] TrainLoss = 0.4347 ValLoss = 0.4312
[0;32mEPOCH: 6[0m
[0;31m----------[0m
NEW BEST VALIDATION LOSS
Epoch = [   7/ 100] TrainLoss = 0.4303 ValLoss = 0.4283
[0;32mEPOCH: 7[0m
[0;31m----------[0m
NEW BEST VALIDATION LOSS
Epoch = [   8/ 100] TrainLoss = 0.426 ValLoss = 0.4245
[0;32mEPOCH: 8[0m
[0;31m----------[0m
NEW BEST VALIDATION LOSS
Epoch = [   9/ 100] TrainLoss = 0.4247 ValLoss = 0.4219
[0;32mEPOCH: 9[0m
[0;31m----------[0m
NEW BEST VALIDATION LOSS
Epoch = [  10/ 100] TrainLoss = 0.4209 ValLoss = 0.4185
[0;32mEPOCH: 10[0m
[0;31m----------[0m
Epoch = [  11/ 100] TrainLoss = 0.4181 ValLoss = 0.4201
[0;32mEPOCH: 11[0m
[0;31m----------[0m
NEW BEST VALIDATION LOSS
Epoch = [  12/ 100] TrainLoss = 0.4174 ValLoss = 0.4161
[0;32mEPOCH: 12[0m
[0;31m----------[0m
Epoch = [  13/ 100] TrainLoss = 0.4159 ValLoss = 0.4166
[0;32mEPOCH: 13[0m
[0;31m----------[0m
NEW BEST VALIDATION LOSS
Epoch = [  14/ 100] TrainLoss = 0.4132 ValLoss = 0.4131
[0;32mEPOCH: 14[0m
[0;31m----------[0m
NEW BEST VALIDATION LOSS
Epoch = [  15/ 100] TrainLoss = 0.413 ValLoss = 0.4115
[0;32mEPOCH: 15[0m
[0;31m----------[0m
Epoch = [  16/ 100] TrainLoss = 0.411 ValLoss = 0.4129
[0;32mEPOCH: 16[0m
[0;31m----------[0m
NEW BEST VALIDATION LOSS
Epoch = [  17/ 100] TrainLoss = 0.4112 ValLoss = 0.4105
[0;32mEPOCH: 17[0m
[0;31m----------[0m
Epoch = [  18/ 100] TrainLoss = 0.4104 ValLoss = 0.4116
[0;32mEPOCH: 18[0m
[0;31m----------[0m
NEW BEST VALIDATION LOSS
Epoch = [  19/ 100] TrainLoss = 0.4088 ValLoss = 0.4095
[0;32mEPOCH: 19[0m
[0;31m----------[0m
NEW BEST VALIDATION LOSS
Epoch = [  20/ 100] TrainLoss = 0.4099 ValLoss = 0.4067
[0;32mEPOCH: 20[0m
[0;31m----------[0m
Epoch = [  21/ 100] TrainLoss = 0.4086 ValLoss = 0.4108
[0;32mEPOCH: 21[0m
[0;31m----------[0m
Epoch = [  22/ 100] TrainLoss = 0.4075 ValLoss = 0.4079
[0;32mEPOCH: 22[0m
[0;31m----------[0m
Epoch = [  23/ 100] TrainLoss = 0.4069 ValLoss = 0.4076
[0;32mEPOCH: 23[0m
[0;31m----------[0m
Epoch = [  24/ 100] TrainLoss = 0.4059 ValLoss = 0.4081
[0;32mEPOCH: 24[0m
[0;31m----------[0m
NEW BEST VALIDATION LOSS
Epoch = [  25/ 100] TrainLoss = 0.4068 ValLoss = 0.4064
[0;32mEPOCH: 25[0m
[0;31m----------[0m
Epoch = [  26/ 100] TrainLoss = 0.4047 ValLoss = 0.4071
[0;32mEPOCH: 26[0m
[0;31m----------[0m
NEW BEST VALIDATION LOSS
Epoch = [  27/ 100] TrainLoss = 0.406 ValLoss = 0.4051
[0;32mEPOCH: 27[0m
[0;31m----------[0m
NEW BEST VALIDATION LOSS
Epoch = [  28/ 100] TrainLoss = 0.4047 ValLoss = 0.4035
[0;32mEPOCH: 28[0m
[0;31m----------[0m
NEW BEST VALIDATION LOSS
Epoch = [  29/ 100] TrainLoss = 0.4039 ValLoss = 0.4033
[0;32mEPOCH: 29[0m
[0;31m----------[0m
Epoch = [  30/ 100] TrainLoss = 0.405 ValLoss = 0.4043
[0;32mEPOCH: 30[0m
[0;31m----------[0m
Epoch = [  31/ 100] TrainLoss = 0.4037 ValLoss = 0.4035
[0;32mEPOCH: 31[0m
[0;31m----------[0m
NEW BEST VALIDATION LOSS
Epoch = [  32/ 100] TrainLoss = 0.4038 ValLoss = 0.4022
[0;32mEPOCH: 32[0m
[0;31m----------[0m
Epoch = [  33/ 100] TrainLoss = 0.4039 ValLoss = 0.4096
[0;32mEPOCH: 33[0m
[0;31m----------[0m
Epoch = [  34/ 100] TrainLoss = 0.4026 ValLoss = 0.4032
[0;32mEPOCH: 34[0m
[0;31m----------[0m
Epoch = [  35/ 100] TrainLoss = 0.4022 ValLoss = 0.4039
[0;32mEPOCH: 35[0m
[0;31m----------[0m
Epoch = [  36/ 100] TrainLoss = 0.4024 ValLoss = 0.4024
[0;32mEPOCH: 36[0m
[0;31m----------[0m
NEW BEST VALIDATION LOSS
Epoch = [  37/ 100] TrainLoss = 0.4018 ValLoss = 0.4016
[0;32mEPOCH: 37[0m
[0;31m----------[0m
NEW BEST VALIDATION LOSS
Epoch = [  38/ 100] TrainLoss = 0.4021 ValLoss = 0.4011
[0;32mEPOCH: 38[0m
[0;31m----------[0m
Epoch = [  39/ 100] TrainLoss = 0.4013 ValLoss = 0.4031
[0;32mEPOCH: 39[0m
[0;31m----------[0m
NEW BEST VALIDATION LOSS
Epoch = [  40/ 100] TrainLoss = 0.4016 ValLoss = 0.4009
[0;32mEPOCH: 40[0m
[0;31m----------[0m
Epoch = [  41/ 100] TrainLoss = 0.4016 ValLoss = 0.4028
[0;32mEPOCH: 41[0m
[0;31m----------[0m
Epoch = [  42/ 100] TrainLoss = 0.4011 ValLoss = 0.402
[0;32mEPOCH: 42[0m
[0;31m----------[0m
NEW BEST VALIDATION LOSS
Epoch = [  43/ 100] TrainLoss = 0.4 ValLoss = 0.3999
[0;32mEPOCH: 43[0m
[0;31m----------[0m
Epoch = [  44/ 100] TrainLoss = 0.4001 ValLoss = 0.4004
[0;32mEPOCH: 44[0m
[0;31m----------[0m
Epoch = [  45/ 100] TrainLoss = 0.4006 ValLoss = 0.4003
[0;32mEPOCH: 45[0m
[0;31m----------[0m
Epoch = [  46/ 100] TrainLoss = 0.3989 ValLoss = 0.4014
[0;32mEPOCH: 46[0m
[0;31m----------[0m
Epoch = [  47/ 100] TrainLoss = 0.3998 ValLoss = 0.4013
[0;32mEPOCH: 47[0m
[0;31m----------[0m
Epoch = [  48/ 100] TrainLoss = 0.3999 ValLoss = 0.4
[0;32mEPOCH: 48[0m
[0;31m----------[0m
Epoch = [  49/ 100] TrainLoss = 0.3991 ValLoss = 0.4033
[0;32mEPOCH: 49[0m
[0;31m----------[0m
NEW BEST VALIDATION LOSS
Epoch = [  50/ 100] TrainLoss = 0.3996 ValLoss = 0.3998
[0;32mEPOCH: 50[0m
[0;31m----------[0m
Epoch = [  51/ 100] TrainLoss = 0.4004 ValLoss = 0.4008
[0;32mEPOCH: 51[0m
[0;31m----------[0m
Epoch = [  52/ 100] TrainLoss = 0.3994 ValLoss = 0.404
[0;32mEPOCH: 52[0m
[0;31m----------[0m
NEW BEST VALIDATION LOSS
Epoch = [  53/ 100] TrainLoss = 0.399 ValLoss = 0.3976
[0;32mEPOCH: 53[0m
[0;31m----------[0m
Epoch = [  54/ 100] TrainLoss = 0.3986 ValLoss = 0.3993
[0;32mEPOCH: 54[0m
[0;31m----------[0m
Epoch = [  55/ 100] TrainLoss = 0.3995 ValLoss = 0.399
[0;32mEPOCH: 55[0m
[0;31m----------[0m
Epoch = [  56/ 100] TrainLoss = 0.3992 ValLoss = 0.3988
[0;32mEPOCH: 56[0m
[0;31m----------[0m
Epoch = [  57/ 100] TrainLoss = 0.3985 ValLoss = 0.3993
[0;32mEPOCH: 57[0m
[0;31m----------[0m
Epoch = [  58/ 100] TrainLoss = 0.3982 ValLoss = 0.3986
[0;32mEPOCH: 58[0m
[0;31m----------[0m
Epoch = [  59/ 100] TrainLoss = 0.3985 ValLoss = 0.3985
[0;32mEPOCH: 59[0m
[0;31m----------[0m
Epoch = [  60/ 100] TrainLoss = 0.3982 ValLoss = 0.398
[0;32mEPOCH: 60[0m
[0;31m----------[0m
Epoch = [  61/ 100] TrainLoss = 0.3977 ValLoss = 0.3977
[0;32mEPOCH: 61[0m
[0;31m----------[0m
Epoch = [  62/ 100] TrainLoss = 0.3973 ValLoss = 0.3983
[0;32mEPOCH: 62[0m
[0;31m----------[0m
Epoch = [  63/ 100] TrainLoss = 0.3985 ValLoss = 0.3979
[0;32mEPOCH: 63[0m
[0;31m----------[0m
NEW BEST VALIDATION LOSS
Epoch = [  64/ 100] TrainLoss = 0.3975 ValLoss = 0.3962
[0;32mEPOCH: 64[0m
[0;31m----------[0m
Epoch = [  65/ 100] TrainLoss = 0.398 ValLoss = 0.3974
[0;32mEPOCH: 65[0m
[0;31m----------[0m
Epoch = [  66/ 100] TrainLoss = 0.3971 ValLoss = 0.3979
[0;32mEPOCH: 66[0m
[0;31m----------[0m
Epoch = [  67/ 100] TrainLoss = 0.3975 ValLoss = 0.3965
[0;32mEPOCH: 67[0m
[0;31m----------[0m
Epoch = [  68/ 100] TrainLoss = 0.3973 ValLoss = 0.3965
[0;32mEPOCH: 68[0m
[0;31m----------[0m
Epoch = [  69/ 100] TrainLoss = 0.3982 ValLoss = 0.3975
[0;32mEPOCH: 69[0m
[0;31m----------[0m
NEW BEST VALIDATION LOSS
Epoch = [  70/ 100] TrainLoss = 0.397 ValLoss = 0.3962
[0;32mEPOCH: 70[0m
[0;31m----------[0m
Epoch = [  71/ 100] TrainLoss = 0.3967 ValLoss = 0.3964
[0;32mEPOCH: 71[0m
[0;31m----------[0m
NEW BEST VALIDATION LOSS
Epoch = [  72/ 100] TrainLoss = 0.3961 ValLoss = 0.3958
[0;32mEPOCH: 72[0m
[0;31m----------[0m
Epoch = [  73/ 100] TrainLoss = 0.3957 ValLoss = 0.3963
[0;32mEPOCH: 73[0m
[0;31m----------[0m
Epoch = [  74/ 100] TrainLoss = 0.3961 ValLoss = 0.3967
[0;32mEPOCH: 74[0m
[0;31m----------[0m
Epoch = [  75/ 100] TrainLoss = 0.3972 ValLoss = 0.3965
[0;32mEPOCH: 75[0m
[0;31m----------[0m
NEW BEST VALIDATION LOSS
Epoch = [  76/ 100] TrainLoss = 0.3967 ValLoss = 0.3951
[0;32mEPOCH: 76[0m
[0;31m----------[0m
Epoch = [  77/ 100] TrainLoss = 0.3959 ValLoss = 0.397
[0;32mEPOCH: 77[0m
[0;31m----------[0m
Epoch = [  78/ 100] TrainLoss = 0.3963 ValLoss = 0.3959
[0;32mEPOCH: 78[0m
[0;31m----------[0m
Epoch = [  79/ 100] TrainLoss = 0.3958 ValLoss = 0.3958
[0;32mEPOCH: 79[0m
[0;31m----------[0m
Epoch = [  80/ 100] TrainLoss = 0.3965 ValLoss = 0.3971
[0;32mEPOCH: 80[0m
[0;31m----------[0m
Epoch = [  81/ 100] TrainLoss = 0.3967 ValLoss = 0.3961
[0;32mEPOCH: 81[0m
[0;31m----------[0m
Epoch = [  82/ 100] TrainLoss = 0.3961 ValLoss = 0.3964
[0;32mEPOCH: 82[0m
[0;31m----------[0m
Epoch = [  83/ 100] TrainLoss = 0.3969 ValLoss = 0.3973
[0;32mEPOCH: 83[0m
[0;31m----------[0m
NEW BEST VALIDATION LOSS
Epoch = [  84/ 100] TrainLoss = 0.396 ValLoss = 0.3951
[0;32mEPOCH: 84[0m
[0;31m----------[0m
Epoch = [  85/ 100] TrainLoss = 0.395 ValLoss = 0.3959
[0;32mEPOCH: 85[0m
[0;31m----------[0m
Epoch = [  86/ 100] TrainLoss = 0.3946 ValLoss = 0.3963
[0;32mEPOCH: 86[0m
[0;31m----------[0m
Epoch = [  87/ 100] TrainLoss = 0.3952 ValLoss = 0.3953
[0;32mEPOCH: 87[0m
[0;31m----------[0m
NEW BEST VALIDATION LOSS
Epoch = [  88/ 100] TrainLoss = 0.3946 ValLoss = 0.395
[0;32mEPOCH: 88[0m
[0;31m----------[0m
NEW BEST VALIDATION LOSS
Epoch = [  89/ 100] TrainLoss = 0.3957 ValLoss = 0.3943
[0;32mEPOCH: 89[0m
[0;31m----------[0m
Epoch = [  90/ 100] TrainLoss = 0.3954 ValLoss = 0.3948
[0;32mEPOCH: 90[0m
[0;31m----------[0m
Epoch = [  91/ 100] TrainLoss = 0.3952 ValLoss = 0.3964
[0;32mEPOCH: 91[0m
[0;31m----------[0m
Epoch = [  92/ 100] TrainLoss = 0.3952 ValLoss = 0.3954
[0;32mEPOCH: 92[0m
[0;31m----------[0m
Epoch = [  93/ 100] TrainLoss = 0.3941 ValLoss = 0.3943
[0;32mEPOCH: 93[0m
[0;31m----------[0m
Epoch = [  94/ 100] TrainLoss = 0.3953 ValLoss = 0.3947
[0;32mEPOCH: 94[0m
[0;31m----------[0m
NEW BEST VALIDATION LOSS
Epoch = [  95/ 100] TrainLoss = 0.3952 ValLoss = 0.3942
[0;32mEPOCH: 95[0m
[0;31m----------[0m
NEW BEST VALIDATION LOSS
Epoch = [  96/ 100] TrainLoss = 0.3943 ValLoss = 0.3935
[0;32mEPOCH: 96[0m
[0;31m----------[0m
Epoch = [  97/ 100] TrainLoss = 0.3947 ValLoss = 0.3938
[0;32mEPOCH: 97[0m
[0;31m----------[0m
Epoch = [  98/ 100] TrainLoss = 0.3938 ValLoss = 0.3945
[0;32mEPOCH: 98[0m
[0;31m----------[0m
Epoch = [  99/ 100] TrainLoss = 0.3945 ValLoss = 0.3938
[0;32mEPOCH: 99[0m
[0;31m----------[0m
Epoch = [ 100/ 100] TrainLoss = 0.3945 ValLoss = 0.3941
