[0;33mData loading...[0m
[0;32mData loaded[0m
[0;33mConstructing model[0m
[0;32mConstructed model[0m
[0;33mStarting training[0m
[0;32mEPOCH: 0[0m
[0;31m----------[0m
Epoch = [   0/  30] TrainLoss = 0.8679 ValLoss = 0.7552
[0;32mEPOCH: 1[0m
[0;31m----------[0m
Epoch = [   1/  30] TrainLoss = 0.6905 ValLoss = 0.6408
[0;32mEPOCH: 2[0m
[0;31m----------[0m
Epoch = [   2/  30] TrainLoss = 0.6105 ValLoss = 0.5853
[0;32mEPOCH: 3[0m
[0;31m----------[0m
Epoch = [   3/  30] TrainLoss = 0.5683 ValLoss = 0.5523
[0;32mEPOCH: 4[0m
[0;31m----------[0m
Epoch = [   4/  30] TrainLoss = 0.5382 ValLoss = 0.5239
[0;32mEPOCH: 5[0m
[0;31m----------[0m
Epoch = [   5/  30] TrainLoss = 0.5139 ValLoss = 0.5043
[0;32mEPOCH: 6[0m
[0;31m----------[0m
Epoch = [   6/  30] TrainLoss = 0.4965 ValLoss = 0.4902
[0;32mEPOCH: 7[0m
[0;31m----------[0m
Epoch = [   7/  30] TrainLoss = 0.4815 ValLoss = 0.4754
[0;32mEPOCH: 8[0m
[0;31m----------[0m
Epoch = [   8/  30] TrainLoss = 0.4712 ValLoss = 0.4664
[0;32mEPOCH: 9[0m
[0;31m----------[0m
Epoch = [   9/  30] TrainLoss = 0.4618 ValLoss = 0.4572
[0;32mEPOCH: 10[0m
[0;31m----------[0m
Epoch = [  10/  30] TrainLoss = 0.4566 ValLoss = 0.4535
[0;32mEPOCH: 11[0m
[0;31m----------[0m
Epoch = [  11/  30] TrainLoss = 0.451 ValLoss = 0.4489
[0;32mEPOCH: 12[0m
[0;31m----------[0m
Epoch = [  12/  30] TrainLoss = 0.448 ValLoss = 0.4453
[0;32mEPOCH: 13[0m
[0;31m----------[0m
Epoch = [  13/  30] TrainLoss = 0.4447 ValLoss = 0.4426
[0;32mEPOCH: 14[0m
[0;31m----------[0m
Epoch = [  14/  30] TrainLoss = 0.441 ValLoss = 0.4398
[0;32mEPOCH: 15[0m
[0;31m----------[0m
Epoch = [  15/  30] TrainLoss = 0.4398 ValLoss = 0.4399
[0;32mEPOCH: 16[0m
[0;31m----------[0m
Epoch = [  16/  30] TrainLoss = 0.438 ValLoss = 0.437
[0;32mEPOCH: 17[0m
[0;31m----------[0m
Epoch = [  17/  30] TrainLoss = 0.4348 ValLoss = 0.4334
[0;32mEPOCH: 18[0m
[0;31m----------[0m
Epoch = [  18/  30] TrainLoss = 0.4341 ValLoss = 0.4317
[0;32mEPOCH: 19[0m
[0;31m----------[0m
Epoch = [  19/  30] TrainLoss = 0.4319 ValLoss = 0.4317
[0;32mEPOCH: 20[0m
[0;31m----------[0m
Epoch = [  20/  30] TrainLoss = 0.4305 ValLoss = 0.4295
[0;32mEPOCH: 21[0m
[0;31m----------[0m
Epoch = [  21/  30] TrainLoss = 0.4299 ValLoss = 0.4286
[0;32mEPOCH: 22[0m
[0;31m----------[0m
Epoch = [  22/  30] TrainLoss = 0.4284 ValLoss = 0.4278
[0;32mEPOCH: 23[0m
[0;31m----------[0m
Epoch = [  23/  30] TrainLoss = 0.4275 ValLoss = 0.4263
[0;32mEPOCH: 24[0m
[0;31m----------[0m
Epoch = [  24/  30] TrainLoss = 0.4256 ValLoss = 0.4251
[0;32mEPOCH: 25[0m
[0;31m----------[0m
Epoch = [  25/  30] TrainLoss = 0.4248 ValLoss = 0.4238
[0;32mEPOCH: 26[0m
[0;31m----------[0m
Epoch = [  26/  30] TrainLoss = 0.424 ValLoss = 0.423
[0;32mEPOCH: 27[0m
[0;31m----------[0m
Epoch = [  27/  30] TrainLoss = 0.4232 ValLoss = 0.4232
[0;32mEPOCH: 28[0m
[0;31m----------[0m
Epoch = [  28/  30] TrainLoss = 0.4219 ValLoss = 0.4217
[0;32mEPOCH: 29[0m
[0;31m----------[0m
Epoch = [  29/  30] TrainLoss = 0.4213 ValLoss = 0.4209
