[0;33mData loading...[0m
[0;32mData loaded[0m
[0;33mConstructing model[0m
[0;32mConstructed model[0m
[0;33mStarting training[0m
[0;32mEPOCH: 0[0m
[0;31m----------[0m
Epoch = [   0/  30] TrainLoss = 0.4938 ValLoss = -0.5342
[0;32mEPOCH: 1[0m
[0;31m----------[0m
Epoch = [   1/  30] TrainLoss = 0.5279 ValLoss = -0.5081
[0;32mEPOCH: 2[0m
[0;31m----------[0m
Epoch = [   2/  30] TrainLoss = 0.5324 ValLoss = -0.5486
[0;32mEPOCH: 3[0m
[0;31m----------[0m
Epoch = [   3/  30] TrainLoss = 0.545 ValLoss = -0.5664
[0;32mEPOCH: 4[0m
[0;31m----------[0m
Epoch = [   4/  30] TrainLoss = 0.5537 ValLoss = -0.5587
[0;32mEPOCH: 5[0m
[0;31m----------[0m
Epoch = [   5/  30] TrainLoss = 0.5553 ValLoss = -0.5661
[0;32mEPOCH: 6[0m
[0;31m----------[0m
Epoch = [   6/  30] TrainLoss = 0.5619 ValLoss = -0.5278
[0;32mEPOCH: 7[0m
[0;31m----------[0m
Epoch = [   7/  30] TrainLoss = 0.5649 ValLoss = -0.5794
[0;32mEPOCH: 8[0m
[0;31m----------[0m
Epoch = [   8/  30] TrainLoss = 0.57 ValLoss = -0.5605
[0;32mEPOCH: 9[0m
[0;31m----------[0m
Epoch = [   9/  30] TrainLoss = 0.5709 ValLoss = -0.5835
[0;32mEPOCH: 10[0m
[0;31m----------[0m
Epoch = [  10/  30] TrainLoss = 0.5751 ValLoss = -0.5879
[0;32mEPOCH: 11[0m
[0;31m----------[0m
Epoch = [  11/  30] TrainLoss = 0.5847 ValLoss = -0.5938
[0;32mEPOCH: 12[0m
[0;31m----------[0m
Epoch = [  12/  30] TrainLoss = 0.5855 ValLoss = -0.5924
[0;32mEPOCH: 13[0m
[0;31m----------[0m
Epoch = [  13/  30] TrainLoss = 0.5864 ValLoss = -0.5939
[0;32mEPOCH: 14[0m
[0;31m----------[0m
Epoch = [  14/  30] TrainLoss = 0.5868 ValLoss = -0.5945
[0;32mEPOCH: 15[0m
[0;31m----------[0m
Epoch = [  15/  30] TrainLoss = 0.5871 ValLoss = -0.597
[0;32mEPOCH: 16[0m
[0;31m----------[0m
Epoch = [  16/  30] TrainLoss = 0.5882 ValLoss = -0.5949
[0;32mEPOCH: 17[0m
[0;31m----------[0m
Epoch = [  17/  30] TrainLoss = 0.5888 ValLoss = -0.5972
[0;32mEPOCH: 18[0m
[0;31m----------[0m
Epoch = [  18/  30] TrainLoss = 0.5896 ValLoss = -0.5953
[0;32mEPOCH: 19[0m
[0;31m----------[0m
Epoch = [  19/  30] TrainLoss = 0.5893 ValLoss = -0.5944
[0;32mEPOCH: 20[0m
[0;31m----------[0m
Epoch = [  20/  30] TrainLoss = 0.5902 ValLoss = -0.5991
[0;32mEPOCH: 21[0m
[0;31m----------[0m
Epoch = [  21/  30] TrainLoss = 0.5909 ValLoss = -0.5987
[0;32mEPOCH: 22[0m
[0;31m----------[0m
Epoch = [  22/  30] TrainLoss = 0.5906 ValLoss = -0.5986
[0;32mEPOCH: 23[0m
[0;31m----------[0m
Epoch = [  23/  30] TrainLoss = 0.5903 ValLoss = -0.5998
[0;32mEPOCH: 24[0m
[0;31m----------[0m
Epoch = [  24/  30] TrainLoss = 0.5911 ValLoss = -0.6001
[0;32mEPOCH: 25[0m
[0;31m----------[0m
Epoch = [  25/  30] TrainLoss = 0.5906 ValLoss = -0.5952
[0;32mEPOCH: 26[0m
[0;31m----------[0m
Epoch = [  26/  30] TrainLoss = 0.5906 ValLoss = -0.5953
[0;32mEPOCH: 27[0m
[0;31m----------[0m
Epoch = [  27/  30] TrainLoss = 0.5918 ValLoss = -0.5958
[0;32mEPOCH: 28[0m
[0;31m----------[0m
Epoch = [  28/  30] TrainLoss = 0.5912 ValLoss = -0.6
[0;32mEPOCH: 29[0m
[0;31m----------[0m
Epoch = [  29/  30] TrainLoss = 0.5918 ValLoss = -0.5987
