[0;33mData loading...[0m
[0;32mData loaded[0m
[0;33mConstructing model[0m
[0;32mConstructed model[0m
[0;33mStarting training[0m
[0;32mEPOCH: 0[0m
[0;31m----------[0m
Epoch = [   0/  30] TrainLoss = -0.7635 ValLoss = 0.7283
[0;32mEPOCH: 1[0m
[0;31m----------[0m
Epoch = [   1/  30] TrainLoss = -0.7145 ValLoss = 0.7008
[0;32mEPOCH: 2[0m
[0;31m----------[0m
Epoch = [   2/  30] TrainLoss = -0.6786 ValLoss = 0.6469
[0;32mEPOCH: 3[0m
[0;31m----------[0m
Epoch = [   3/  30] TrainLoss = -0.5948 ValLoss = 0.5316
[0;32mEPOCH: 4[0m
[0;31m----------[0m
Epoch = [   4/  30] TrainLoss = -0.4925 ValLoss = 0.4523
[0;32mEPOCH: 5[0m
[0;31m----------[0m
Epoch = [   5/  30] TrainLoss = -0.4429 ValLoss = 0.4289
[0;32mEPOCH: 6[0m
[0;31m----------[0m
Epoch = [   6/  30] TrainLoss = -0.4255 ValLoss = 0.4286
[0;32mEPOCH: 7[0m
[0;31m----------[0m
Epoch = [   7/  30] TrainLoss = -0.4188 ValLoss = 0.4163
[0;32mEPOCH: 8[0m
[0;31m----------[0m
Epoch = [   8/  30] TrainLoss = -0.414 ValLoss = 0.4095
[0;32mEPOCH: 9[0m
[0;31m----------[0m
Epoch = [   9/  30] TrainLoss = -0.4087 ValLoss = 0.4067
[0;32mEPOCH: 10[0m
[0;31m----------[0m
Epoch = [  10/  30] TrainLoss = -0.4086 ValLoss = 0.4213
[0;32mEPOCH: 11[0m
[0;31m----------[0m
Epoch = [  11/  30] TrainLoss = -0.4095 ValLoss = 0.4045
[0;32mEPOCH: 12[0m
[0;31m----------[0m
Epoch = [  12/  30] TrainLoss = -0.4055 ValLoss = 0.4026
[0;32mEPOCH: 13[0m
[0;31m----------[0m
Epoch = [  13/  30] TrainLoss = -0.4043 ValLoss = 0.4064
[0;32mEPOCH: 14[0m
[0;31m----------[0m
Epoch = [  14/  30] TrainLoss = -0.4029 ValLoss = 0.4019
[0;32mEPOCH: 15[0m
[0;31m----------[0m
Epoch = [  15/  30] TrainLoss = -0.4025 ValLoss = 0.4003
[0;32mEPOCH: 16[0m
[0;31m----------[0m
Epoch = [  16/  30] TrainLoss = -0.4002 ValLoss = 0.3992
[0;32mEPOCH: 17[0m
[0;31m----------[0m
Epoch = [  17/  30] TrainLoss = -0.4001 ValLoss = 0.3999
[0;32mEPOCH: 18[0m
[0;31m----------[0m
Epoch = [  18/  30] TrainLoss = -0.4005 ValLoss = 0.4
[0;32mEPOCH: 19[0m
[0;31m----------[0m
Epoch = [  19/  30] TrainLoss = -0.3988 ValLoss = 0.3976
[0;32mEPOCH: 20[0m
[0;31m----------[0m
Epoch = [  20/  30] TrainLoss = -0.4006 ValLoss = 0.4003
[0;32mEPOCH: 21[0m
[0;31m----------[0m
Epoch = [  21/  30] TrainLoss = -0.3961 ValLoss = 0.3968
[0;32mEPOCH: 22[0m
[0;31m----------[0m
Epoch = [  22/  30] TrainLoss = -0.3962 ValLoss = 0.3946
[0;32mEPOCH: 23[0m
[0;31m----------[0m
Epoch = [  23/  30] TrainLoss = -0.397 ValLoss = 0.3948
[0;32mEPOCH: 24[0m
[0;31m----------[0m
Epoch = [  24/  30] TrainLoss = -0.3967 ValLoss = 0.3949
[0;32mEPOCH: 25[0m
[0;31m----------[0m
Epoch = [  25/  30] TrainLoss = -0.3945 ValLoss = 0.3953
[0;32mEPOCH: 26[0m
[0;31m----------[0m
Epoch = [  26/  30] TrainLoss = -0.394 ValLoss = 0.3942
[0;32mEPOCH: 27[0m
[0;31m----------[0m
Epoch = [  27/  30] TrainLoss = -0.3941 ValLoss = 0.3929
[0;32mEPOCH: 28[0m
[0;31m----------[0m
Epoch = [  28/  30] TrainLoss = -0.3948 ValLoss = 0.3982
[0;32mEPOCH: 29[0m
[0;31m----------[0m
Epoch = [  29/  30] TrainLoss = -0.3933 ValLoss = 0.393
