[0;33mData loading...[0m
[0;32mData loaded[0m
[0;33mConstructing model[0m
[0;32mConstructed model[0m
[0;33mStarting training[0m
[0;32mEPOCH: 0[0m
[0;31m----------[0m
Epoch = [   1/  30] TrainLoss = 0.6419 ValLoss = 0.5823
[0;32mEPOCH: 1[0m
[0;31m----------[0m
Epoch = [   2/  30] TrainLoss = 0.5699 ValLoss = 0.5587
[0;32mEPOCH: 2[0m
[0;31m----------[0m
Epoch = [   3/  30] TrainLoss = 0.5586 ValLoss = 0.5502
[0;32mEPOCH: 3[0m
[0;31m----------[0m
Epoch = [   4/  30] TrainLoss = 0.5497 ValLoss = 0.5455
[0;32mEPOCH: 4[0m
[0;31m----------[0m
Epoch = [   5/  30] TrainLoss = 0.5447 ValLoss = 0.5411
[0;32mEPOCH: 5[0m
[0;31m----------[0m
Epoch = [   6/  30] TrainLoss = 0.5416 ValLoss = 0.5403
[0;32mEPOCH: 6[0m
[0;31m----------[0m
Epoch = [   7/  30] TrainLoss = 0.5381 ValLoss = 0.5346
[0;32mEPOCH: 7[0m
[0;31m----------[0m
Epoch = [   8/  30] TrainLoss = 0.5371 ValLoss = 0.5372
[0;32mEPOCH: 8[0m
[0;31m----------[0m
Epoch = [   9/  30] TrainLoss = 0.5338 ValLoss = 0.5316
[0;32mEPOCH: 9[0m
[0;31m----------[0m
Epoch = [  10/  30] TrainLoss = 0.5311 ValLoss = 0.5298
[0;32mEPOCH: 10[0m
[0;31m----------[0m
Epoch = [  11/  30] TrainLoss = 0.5294 ValLoss = 0.5269
[0;32mEPOCH: 11[0m
[0;31m----------[0m
Epoch = [  12/  30] TrainLoss = 0.5286 ValLoss = 0.5269
[0;32mEPOCH: 12[0m
[0;31m----------[0m
Epoch = [  13/  30] TrainLoss = 0.5266 ValLoss = 0.5254
[0;32mEPOCH: 13[0m
[0;31m----------[0m
Epoch = [  14/  30] TrainLoss = 0.5263 ValLoss = 0.5244
[0;32mEPOCH: 14[0m
[0;31m----------[0m
Epoch = [  15/  30] TrainLoss = 0.5259 ValLoss = 0.5233
[0;32mEPOCH: 15[0m
[0;31m----------[0m
Epoch = [  16/  30] TrainLoss = 0.5249 ValLoss = 0.5244
[0;32mEPOCH: 16[0m
[0;31m----------[0m
Epoch = [  17/  30] TrainLoss = 0.5248 ValLoss = 0.5246
[0;32mEPOCH: 17[0m
[0;31m----------[0m
Epoch = [  18/  30] TrainLoss = 0.5247 ValLoss = 0.5238
[0;32mEPOCH: 18[0m
[0;31m----------[0m
Epoch = [  19/  30] TrainLoss = 0.5217 ValLoss = 0.5205
[0;32mEPOCH: 19[0m
[0;31m----------[0m
Epoch = [  20/  30] TrainLoss = 0.5197 ValLoss = 0.5197
[0;32mEPOCH: 20[0m
[0;31m----------[0m
Epoch = [  21/  30] TrainLoss = 0.52 ValLoss = 0.5185
[0;32mEPOCH: 21[0m
[0;31m----------[0m
Epoch = [  22/  30] TrainLoss = 0.5203 ValLoss = 0.529
[0;32mEPOCH: 22[0m
[0;31m----------[0m
Epoch = [  23/  30] TrainLoss = 0.5187 ValLoss = 0.5162
[0;32mEPOCH: 23[0m
[0;31m----------[0m
Epoch = [  24/  30] TrainLoss = 0.5175 ValLoss = 0.5161
[0;32mEPOCH: 24[0m
[0;31m----------[0m
Epoch = [  25/  30] TrainLoss = 0.5166 ValLoss = 0.5173
[0;32mEPOCH: 25[0m
[0;31m----------[0m
Epoch = [  26/  30] TrainLoss = 0.518 ValLoss = 0.5158
[0;32mEPOCH: 26[0m
[0;31m----------[0m
Epoch = [  27/  30] TrainLoss = 0.5163 ValLoss = 0.5186
[0;32mEPOCH: 27[0m
[0;31m----------[0m
Epoch = [  28/  30] TrainLoss = 0.5168 ValLoss = 0.5183
[0;32mEPOCH: 28[0m
[0;31m----------[0m
Epoch = [  29/  30] TrainLoss = 0.5152 ValLoss = 0.5132
[0;32mEPOCH: 29[0m
[0;31m----------[0m
Epoch = [  30/  30] TrainLoss = 0.5134 ValLoss = 0.5128
