[0;33mData loading...[0m
[0;32mData loaded[0m
[0;33mConstructing model[0m
[0;32mConstructed model[0m
[0;33mStarting training[0m
[0;32mEPOCH: 0[0m
[0;31m----------[0m
Epoch = [   1/  30] TrainLoss = 0.7252 ValLoss = 0.6421
[0;32mEPOCH: 1[0m
[0;31m----------[0m
Epoch = [   2/  30] TrainLoss = 0.6072 ValLoss = 0.5836
[0;32mEPOCH: 2[0m
[0;31m----------[0m
Epoch = [   3/  30] TrainLoss = 0.5722 ValLoss = 0.5633
[0;32mEPOCH: 3[0m
[0;31m----------[0m
Epoch = [   4/  30] TrainLoss = 0.5578 ValLoss = 0.5526
[0;32mEPOCH: 4[0m
[0;31m----------[0m
Epoch = [   5/  30] TrainLoss = 0.5497 ValLoss = 0.5462
[0;32mEPOCH: 5[0m
[0;31m----------[0m
Epoch = [   6/  30] TrainLoss = 0.5435 ValLoss = 0.5413
[0;32mEPOCH: 6[0m
[0;31m----------[0m
Epoch = [   7/  30] TrainLoss = 0.5393 ValLoss = 0.5374
[0;32mEPOCH: 7[0m
[0;31m----------[0m
Epoch = [   8/  30] TrainLoss = 0.5358 ValLoss = 0.5342
[0;32mEPOCH: 8[0m
[0;31m----------[0m
Epoch = [   9/  30] TrainLoss = 0.5325 ValLoss = 0.5315
[0;32mEPOCH: 9[0m
[0;31m----------[0m
Epoch = [  10/  30] TrainLoss = 0.53 ValLoss = 0.5285
[0;32mEPOCH: 10[0m
[0;31m----------[0m
Epoch = [  11/  30] TrainLoss = 0.528 ValLoss = 0.5268
[0;32mEPOCH: 11[0m
[0;31m----------[0m
Epoch = [  12/  30] TrainLoss = 0.526 ValLoss = 0.5251
[0;32mEPOCH: 12[0m
[0;31m----------[0m
Epoch = [  13/  30] TrainLoss = 0.5243 ValLoss = 0.5233
[0;32mEPOCH: 13[0m
[0;31m----------[0m
Epoch = [  14/  30] TrainLoss = 0.5225 ValLoss = 0.5215
[0;32mEPOCH: 14[0m
[0;31m----------[0m
Epoch = [  15/  30] TrainLoss = 0.5208 ValLoss = 0.5201
[0;32mEPOCH: 15[0m
[0;31m----------[0m
Epoch = [  16/  30] TrainLoss = 0.5191 ValLoss = 0.5188
[0;32mEPOCH: 16[0m
[0;31m----------[0m
Epoch = [  17/  30] TrainLoss = 0.5181 ValLoss = 0.5175
[0;32mEPOCH: 17[0m
[0;31m----------[0m
Epoch = [  18/  30] TrainLoss = 0.5163 ValLoss = 0.5159
[0;32mEPOCH: 18[0m
[0;31m----------[0m
Epoch = [  19/  30] TrainLoss = 0.515 ValLoss = 0.515
[0;32mEPOCH: 19[0m
[0;31m----------[0m
Epoch = [  20/  30] TrainLoss = 0.5142 ValLoss = 0.5133
[0;32mEPOCH: 20[0m
[0;31m----------[0m
Epoch = [  21/  30] TrainLoss = 0.5127 ValLoss = 0.5123
[0;32mEPOCH: 21[0m
[0;31m----------[0m
Epoch = [  22/  30] TrainLoss = 0.5118 ValLoss = 0.5114
[0;32mEPOCH: 22[0m
[0;31m----------[0m
Epoch = [  23/  30] TrainLoss = 0.5105 ValLoss = 0.5099
[0;32mEPOCH: 23[0m
[0;31m----------[0m
Epoch = [  24/  30] TrainLoss = 0.5093 ValLoss = 0.5098
[0;32mEPOCH: 24[0m
[0;31m----------[0m
Epoch = [  25/  30] TrainLoss = 0.5087 ValLoss = 0.5081
[0;32mEPOCH: 25[0m
[0;31m----------[0m
Epoch = [  26/  30] TrainLoss = 0.508 ValLoss = 0.5078
[0;32mEPOCH: 26[0m
[0;31m----------[0m
Epoch = [  27/  30] TrainLoss = 0.5076 ValLoss = 0.5073
[0;32mEPOCH: 27[0m
[0;31m----------[0m
Epoch = [  28/  30] TrainLoss = 0.5059 ValLoss = 0.5058
[0;32mEPOCH: 28[0m
[0;31m----------[0m
Epoch = [  29/  30] TrainLoss = 0.505 ValLoss = 0.5051
[0;32mEPOCH: 29[0m
[0;31m----------[0m
Epoch = [  30/  30] TrainLoss = 0.5048 ValLoss = 0.5044
