[0;33mData loading...[0m
[0;32mData loaded[0m
[0;33mConstructing model[0m
[0;32mConstructed model[0m
[0;33mStarting training[0m
[0;32mEPOCH: 0[0m
[0;31m----------[0m
Epoch = [   1/  30] TrainLoss = 0.04957 ValLoss = 0.02789
[0;32mEPOCH: 1[0m
[0;31m----------[0m
Epoch = [   2/  30] TrainLoss = 0.01962 ValLoss = 0.0143
[0;32mEPOCH: 2[0m
[0;31m----------[0m
Epoch = [   3/  30] TrainLoss = 0.01184 ValLoss = 0.01002
[0;32mEPOCH: 3[0m
[0;31m----------[0m
Epoch = [   4/  30] TrainLoss = 0.008984 ValLoss = 0.007963
[0;32mEPOCH: 4[0m
[0;31m----------[0m
Epoch = [   5/  30] TrainLoss = 0.007752 ValLoss = 0.007568
[0;32mEPOCH: 5[0m
[0;31m----------[0m
Epoch = [   6/  30] TrainLoss = 0.006959 ValLoss = 0.006408
[0;32mEPOCH: 6[0m
[0;31m----------[0m
Epoch = [   7/  30] TrainLoss = 0.006392 ValLoss = 0.006516
[0;32mEPOCH: 7[0m
[0;31m----------[0m
Epoch = [   8/  30] TrainLoss = 0.006169 ValLoss = 0.005828
[0;32mEPOCH: 8[0m
[0;31m----------[0m
Epoch = [   9/  30] TrainLoss = 0.005831 ValLoss = 0.005538
[0;32mEPOCH: 9[0m
[0;31m----------[0m
Epoch = [  10/  30] TrainLoss = 0.005536 ValLoss = 0.00545
[0;32mEPOCH: 10[0m
[0;31m----------[0m
Epoch = [  11/  30] TrainLoss = 0.005577 ValLoss = 0.005921
[0;32mEPOCH: 11[0m
[0;31m----------[0m
Epoch = [  12/  30] TrainLoss = 0.005279 ValLoss = 0.00526
[0;32mEPOCH: 12[0m
[0;31m----------[0m
Epoch = [  13/  30] TrainLoss = 0.005158 ValLoss = 0.00504
[0;32mEPOCH: 13[0m
[0;31m----------[0m
Epoch = [  14/  30] TrainLoss = 0.005018 ValLoss = 0.005215
[0;32mEPOCH: 14[0m
[0;31m----------[0m
Epoch = [  15/  30] TrainLoss = 0.004945 ValLoss = 0.005296
[0;32mEPOCH: 15[0m
[0;31m----------[0m
Epoch = [  16/  30] TrainLoss = 0.004877 ValLoss = 0.005082
[0;32mEPOCH: 16[0m
[0;31m----------[0m
Epoch = [  17/  30] TrainLoss = 0.004765 ValLoss = 0.004611
[0;32mEPOCH: 17[0m
[0;31m----------[0m
Epoch = [  18/  30] TrainLoss = 0.004755 ValLoss = 0.005177
[0;32mEPOCH: 18[0m
[0;31m----------[0m
Epoch = [  19/  30] TrainLoss = 0.004675 ValLoss = 0.004506
[0;32mEPOCH: 19[0m
[0;31m----------[0m
Epoch = [  20/  30] TrainLoss = 0.004516 ValLoss = 0.004427
[0;32mEPOCH: 20[0m
[0;31m----------[0m
Epoch = [  21/  30] TrainLoss = 0.004538 ValLoss = 0.004471
[0;32mEPOCH: 21[0m
[0;31m----------[0m
Epoch = [  22/  30] TrainLoss = 0.004499 ValLoss = 0.004469
[0;32mEPOCH: 22[0m
[0;31m----------[0m
Epoch = [  23/  30] TrainLoss = 0.004522 ValLoss = 0.004582
[0;32mEPOCH: 23[0m
[0;31m----------[0m
Epoch = [  24/  30] TrainLoss = 0.004475 ValLoss = 0.004583
[0;32mEPOCH: 24[0m
[0;31m----------[0m
Epoch = [  25/  30] TrainLoss = 0.004366 ValLoss = 0.004245
[0;32mEPOCH: 25[0m
[0;31m----------[0m
Epoch = [  26/  30] TrainLoss = 0.004378 ValLoss = 0.004289
[0;32mEPOCH: 26[0m
[0;31m----------[0m
Epoch = [  27/  30] TrainLoss = 0.004345 ValLoss = 0.004543
[0;32mEPOCH: 27[0m
[0;31m----------[0m
Epoch = [  28/  30] TrainLoss = 0.004309 ValLoss = 0.004214
[0;32mEPOCH: 28[0m
[0;31m----------[0m
Epoch = [  29/  30] TrainLoss = 0.00424 ValLoss = 0.00411
[0;32mEPOCH: 29[0m
[0;31m----------[0m
Epoch = [  30/  30] TrainLoss = 0.004184 ValLoss = 0.004148
