[0;33mData loading...[0m
[0;32mData loaded[0m
[0;33mConstructing model[0m
[0;32mConstructed model[0m
[0;33mStarting training[0m
[0;32mEPOCH: 0[0m
[0;31m----------[0m
Epoch = [   1/  30] TrainLoss = 0.09499 ValLoss = 0.05863
[0;32mEPOCH: 1[0m
[0;31m----------[0m
Epoch = [   2/  30] TrainLoss = 0.05471 ValLoss = 0.0515
[0;32mEPOCH: 2[0m
[0;31m----------[0m
Epoch = [   3/  30] TrainLoss = 0.05163 ValLoss = 0.05007
[0;32mEPOCH: 3[0m
[0;31m----------[0m
Epoch = [   4/  30] TrainLoss = 0.04928 ValLoss = 0.04791
[0;32mEPOCH: 4[0m
[0;31m----------[0m
Epoch = [   5/  30] TrainLoss = 0.04813 ValLoss = 0.04757
[0;32mEPOCH: 5[0m
[0;31m----------[0m
Epoch = [   6/  30] TrainLoss = 0.04775 ValLoss = 0.04836
[0;32mEPOCH: 6[0m
[0;31m----------[0m
Epoch = [   7/  30] TrainLoss = 0.04726 ValLoss = 0.04601
[0;32mEPOCH: 7[0m
[0;31m----------[0m
Epoch = [   8/  30] TrainLoss = 0.04637 ValLoss = 0.04596
[0;32mEPOCH: 8[0m
[0;31m----------[0m
Epoch = [   9/  30] TrainLoss = 0.04628 ValLoss = 0.0455
[0;32mEPOCH: 9[0m
[0;31m----------[0m
Epoch = [  10/  30] TrainLoss = 0.04587 ValLoss = 0.04491
[0;32mEPOCH: 10[0m
[0;31m----------[0m
Epoch = [  11/  30] TrainLoss = 0.04519 ValLoss = 0.04503
[0;32mEPOCH: 11[0m
[0;31m----------[0m
Epoch = [  12/  30] TrainLoss = 0.04492 ValLoss = 0.04509
[0;32mEPOCH: 12[0m
[0;31m----------[0m
Epoch = [  13/  30] TrainLoss = 0.04515 ValLoss = 0.0441
[0;32mEPOCH: 13[0m
[0;31m----------[0m
Epoch = [  14/  30] TrainLoss = 0.04464 ValLoss = 0.04416
[0;32mEPOCH: 14[0m
[0;31m----------[0m
Epoch = [  15/  30] TrainLoss = 0.04424 ValLoss = 0.04474
[0;32mEPOCH: 15[0m
[0;31m----------[0m
Epoch = [  16/  30] TrainLoss = 0.04427 ValLoss = 0.04389
[0;32mEPOCH: 16[0m
[0;31m----------[0m
Epoch = [  17/  30] TrainLoss = 0.04384 ValLoss = 0.04419
[0;32mEPOCH: 17[0m
[0;31m----------[0m
Epoch = [  18/  30] TrainLoss = 0.04393 ValLoss = 0.04571
[0;32mEPOCH: 18[0m
[0;31m----------[0m
Epoch = [  19/  30] TrainLoss = 0.04411 ValLoss = 0.04321
[0;32mEPOCH: 19[0m
[0;31m----------[0m
Epoch = [  20/  30] TrainLoss = 0.04366 ValLoss = 0.04374
[0;32mEPOCH: 20[0m
[0;31m----------[0m
Epoch = [  21/  30] TrainLoss = 0.04382 ValLoss = 0.04334
[0;32mEPOCH: 21[0m
[0;31m----------[0m
Epoch = [  22/  30] TrainLoss = 0.04329 ValLoss = 0.04325
[0;32mEPOCH: 22[0m
[0;31m----------[0m
Epoch = [  23/  30] TrainLoss = 0.04328 ValLoss = 0.04288
[0;32mEPOCH: 23[0m
[0;31m----------[0m
Epoch = [  24/  30] TrainLoss = 0.04373 ValLoss = 0.04338
[0;32mEPOCH: 24[0m
[0;31m----------[0m
Epoch = [  25/  30] TrainLoss = 0.0431 ValLoss = 0.04277
[0;32mEPOCH: 25[0m
[0;31m----------[0m
Epoch = [  26/  30] TrainLoss = 0.04303 ValLoss = 0.04273
[0;32mEPOCH: 26[0m
[0;31m----------[0m
Epoch = [  27/  30] TrainLoss = 0.04282 ValLoss = 0.0426
[0;32mEPOCH: 27[0m
[0;31m----------[0m
Epoch = [  28/  30] TrainLoss = 0.04289 ValLoss = 0.04323
[0;32mEPOCH: 28[0m
[0;31m----------[0m
Epoch = [  29/  30] TrainLoss = 0.04274 ValLoss = 0.04249
[0;32mEPOCH: 29[0m
[0;31m----------[0m
Epoch = [  30/  30] TrainLoss = 0.04249 ValLoss = 0.04266
