[0;33mData loading...[0m
[0;32mData loaded[0m
[0;33mConstructing model[0m
[0;32mConstructed model[0m
[0;33mStarting training[0m
[0;32mEPOCH: 0[0m
[0;31m----------[0m
Epoch = [   1/  30] TrainLoss = 0.7708 ValLoss = 0.6965
[0;32mEPOCH: 1[0m
[0;31m----------[0m
Epoch = [   2/  30] TrainLoss = 0.6668 ValLoss = 0.6448
[0;32mEPOCH: 2[0m
[0;31m----------[0m
Epoch = [   3/  30] TrainLoss = 0.6293 ValLoss = 0.6143
[0;32mEPOCH: 3[0m
[0;31m----------[0m
Epoch = [   4/  30] TrainLoss = 0.5953 ValLoss = 0.5706
[0;32mEPOCH: 4[0m
[0;31m----------[0m
Epoch = [   5/  30] TrainLoss = 0.5357 ValLoss = 0.4918
[0;32mEPOCH: 5[0m
[0;31m----------[0m
Epoch = [   6/  30] TrainLoss = 0.4661 ValLoss = 0.4454
[0;32mEPOCH: 6[0m
[0;31m----------[0m
Epoch = [   7/  30] TrainLoss = 0.4296 ValLoss = 0.4355
[0;32mEPOCH: 7[0m
[0;31m----------[0m
Epoch = [   8/  30] TrainLoss = 0.4205 ValLoss = 0.4141
[0;32mEPOCH: 8[0m
[0;31m----------[0m
Epoch = [   9/  30] TrainLoss = 0.4106 ValLoss = 0.407
[0;32mEPOCH: 9[0m
[0;31m----------[0m
Epoch = [  10/  30] TrainLoss = 0.4093 ValLoss = 0.4158
[0;32mEPOCH: 10[0m
[0;31m----------[0m
Epoch = [  11/  30] TrainLoss = 0.4075 ValLoss = 0.4027
[0;32mEPOCH: 11[0m
[0;31m----------[0m
Epoch = [  12/  30] TrainLoss = 0.4031 ValLoss = 0.4021
[0;32mEPOCH: 12[0m
[0;31m----------[0m
Epoch = [  13/  30] TrainLoss = 0.4012 ValLoss = 0.3989
[0;32mEPOCH: 13[0m
[0;31m----------[0m
Epoch = [  14/  30] TrainLoss = 0.4009 ValLoss = 0.4026
[0;32mEPOCH: 14[0m
[0;31m----------[0m
Epoch = [  15/  30] TrainLoss = 0.3988 ValLoss = 0.3979
[0;32mEPOCH: 15[0m
[0;31m----------[0m
Epoch = [  16/  30] TrainLoss = 0.3986 ValLoss = 0.3982
[0;32mEPOCH: 16[0m
[0;31m----------[0m
Epoch = [  17/  30] TrainLoss = 0.3973 ValLoss = 0.3957
[0;32mEPOCH: 17[0m
[0;31m----------[0m
Epoch = [  18/  30] TrainLoss = 0.3965 ValLoss = 0.396
[0;32mEPOCH: 18[0m
[0;31m----------[0m
Epoch = [  19/  30] TrainLoss = 0.3965 ValLoss = 0.3967
[0;32mEPOCH: 19[0m
[0;31m----------[0m
Epoch = [  20/  30] TrainLoss = 0.3965 ValLoss = 0.3955
[0;32mEPOCH: 20[0m
[0;31m----------[0m
Epoch = [  21/  30] TrainLoss = 0.3956 ValLoss = 0.3944
[0;32mEPOCH: 21[0m
[0;31m----------[0m
Epoch = [  22/  30] TrainLoss = 0.3935 ValLoss = 0.3928
[0;32mEPOCH: 22[0m
[0;31m----------[0m
Epoch = [  23/  30] TrainLoss = 0.3932 ValLoss = 0.3923
[0;32mEPOCH: 23[0m
[0;31m----------[0m
Epoch = [  24/  30] TrainLoss = 0.3926 ValLoss = 0.3926
[0;32mEPOCH: 24[0m
[0;31m----------[0m
Epoch = [  25/  30] TrainLoss = 0.3928 ValLoss = 0.3954
[0;32mEPOCH: 25[0m
[0;31m----------[0m
Epoch = [  26/  30] TrainLoss = 0.3919 ValLoss = 0.3909
[0;32mEPOCH: 26[0m
[0;31m----------[0m
Epoch = [  27/  30] TrainLoss = 0.3913 ValLoss = 0.3913
[0;32mEPOCH: 27[0m
[0;31m----------[0m
Epoch = [  28/  30] TrainLoss = 0.3917 ValLoss = 0.3906
[0;32mEPOCH: 28[0m
[0;31m----------[0m
Epoch = [  29/  30] TrainLoss = 0.3909 ValLoss = 0.3908
[0;32mEPOCH: 29[0m
[0;31m----------[0m
Epoch = [  30/  30] TrainLoss = 0.3913 ValLoss = 0.3933
